<?xml version="1.0" encoding="UTF-8"?>
<Site BuildName="(empty)"
	BuildStamp="20231218-1621-Experimental"
	Name="Goliath"
	Generator="ctest-3.22.1"
	CompilerName="/usr/bin/c++"
	CompilerVersion="11.4.0"
	OSName="Linux"
	Hostname="Goliath"
	OSRelease="5.15.133.1-microsoft-standard-WSL2"
	OSVersion="#1 SMP Thu Oct 5 21:02:42 UTC 2023"
	OSPlatform="x86_64"
	Is64Bits="1"
	VendorString="GenuineIntel"
	VendorID="Intel Corporation"
	FamilyID="6"
	ModelID="158"
	ProcessorCacheSize="12288"
	NumberOfLogicalCPU="8"
	NumberOfPhysicalCPU="8"
	TotalVirtualMemory="4096"
	TotalPhysicalMemory="15951"
	LogicalProcessorsPerPhysical="1"
	ProcessorClockFrequency="3600"
	>
	<Testing>
		<StartDateTime>Dec 18 17:21 CET</StartDateTime>
		<StartTestTime>1702916490</StartTestTime>
		<TestList>
			<Test>./copyright</Test>
			<Test>./cppcheck</Test>
			<Test>./cpplint</Test>
			<Test>./lint_cmake</Test>
			<Test>./uncrustify</Test>
			<Test>./xmllint</Test>
		</TestList>
		<Test Status="passed">
			<Name>copyright</Name>
			<Path>.</Path>
			<FullName>./copyright</FullName>
			<FullCommandLine>/usr/bin/python3.10 "-u" "/opt/ros/humble/share/ament_cmake_test/cmake/run_test.py" "/home/davide/sesasr_labs/build/examples_rclcpp_minimal_timer/test_results/examples_rclcpp_minimal_timer/copyright.xunit.xml" "--package-name" "examples_rclcpp_minimal_timer" "--output-file" "/home/davide/sesasr_labs/build/examples_rclcpp_minimal_timer/ament_copyright/copyright.txt" "--command" "/opt/ros/humble/bin/ament_copyright" "--xunit-file" "/home/davide/sesasr_labs/build/examples_rclcpp_minimal_timer/test_results/examples_rclcpp_minimal_timer/copyright.xunit.xml"</FullCommandLine>
			<Results>
				<NamedMeasurement type="numeric/double" name="Execution Time">
					<Value>0.204137</Value>
				</NamedMeasurement>
				<NamedMeasurement type="numeric/double" name="Processors">
					<Value>1</Value>
				</NamedMeasurement>
				<NamedMeasurement type="text/string" name="Completion Status">
					<Value>Completed</Value>
				</NamedMeasurement>
				<NamedMeasurement type="text/string" name="Command Line">
					<Value>/usr/bin/python3.10 "-u" "/opt/ros/humble/share/ament_cmake_test/cmake/run_test.py" "/home/davide/sesasr_labs/build/examples_rclcpp_minimal_timer/test_results/examples_rclcpp_minimal_timer/copyright.xunit.xml" "--package-name" "examples_rclcpp_minimal_timer" "--output-file" "/home/davide/sesasr_labs/build/examples_rclcpp_minimal_timer/ament_copyright/copyright.txt" "--command" "/opt/ros/humble/bin/ament_copyright" "--xunit-file" "/home/davide/sesasr_labs/build/examples_rclcpp_minimal_timer/test_results/examples_rclcpp_minimal_timer/copyright.xunit.xml"</Value>
				</NamedMeasurement>
				<NamedMeasurement type="text/string" name="Environment">
					<Value>#CTEST_RESOURCE_GROUP_COUNT=</Value>
				</NamedMeasurement>
				<Measurement>
					<Value>-- run_test.py: invoking following command in '/home/davide/sesasr_labs/src/examples/rclcpp/timers/minimal_timer':
 - /opt/ros/humble/bin/ament_copyright --xunit-file /home/davide/sesasr_labs/build/examples_rclcpp_minimal_timer/test_results/examples_rclcpp_minimal_timer/copyright.xunit.xml
No problems found, checked 2 files
-- run_test.py: return code 0
-- run_test.py: verify result file '/home/davide/sesasr_labs/build/examples_rclcpp_minimal_timer/test_results/examples_rclcpp_minimal_timer/copyright.xunit.xml'
</Value>
				</Measurement>
			</Results>
			<Labels>
				<Label>copyright</Label>
				<Label>linter</Label>
			</Labels>
		</Test>
		<Test Status="passed">
			<Name>cppcheck</Name>
			<Path>.</Path>
			<FullName>./cppcheck</FullName>
			<FullCommandLine>/usr/bin/python3.10 "-u" "/opt/ros/humble/share/ament_cmake_test/cmake/run_test.py" "/home/davide/sesasr_labs/build/examples_rclcpp_minimal_timer/test_results/examples_rclcpp_minimal_timer/cppcheck.xunit.xml" "--package-name" "examples_rclcpp_minimal_timer" "--output-file" "/home/davide/sesasr_labs/build/examples_rclcpp_minimal_timer/ament_cppcheck/cppcheck.txt" "--command" "/opt/ros/humble/bin/ament_cppcheck" "--xunit-file" "/home/davide/sesasr_labs/build/examples_rclcpp_minimal_timer/test_results/examples_rclcpp_minimal_timer/cppcheck.xunit.xml"</FullCommandLine>
			<Results>
				<NamedMeasurement type="numeric/double" name="Execution Time">
					<Value>0.134401</Value>
				</NamedMeasurement>
				<NamedMeasurement type="numeric/double" name="Processors">
					<Value>1</Value>
				</NamedMeasurement>
				<NamedMeasurement type="text/string" name="Completion Status">
					<Value>Completed</Value>
				</NamedMeasurement>
				<NamedMeasurement type="text/string" name="Command Line">
					<Value>/usr/bin/python3.10 "-u" "/opt/ros/humble/share/ament_cmake_test/cmake/run_test.py" "/home/davide/sesasr_labs/build/examples_rclcpp_minimal_timer/test_results/examples_rclcpp_minimal_timer/cppcheck.xunit.xml" "--package-name" "examples_rclcpp_minimal_timer" "--output-file" "/home/davide/sesasr_labs/build/examples_rclcpp_minimal_timer/ament_cppcheck/cppcheck.txt" "--command" "/opt/ros/humble/bin/ament_cppcheck" "--xunit-file" "/home/davide/sesasr_labs/build/examples_rclcpp_minimal_timer/test_results/examples_rclcpp_minimal_timer/cppcheck.xunit.xml"</Value>
				</NamedMeasurement>
				<NamedMeasurement type="text/string" name="Environment">
					<Value>#CTEST_RESOURCE_GROUP_COUNT=</Value>
				</NamedMeasurement>
				<Measurement>
					<Value>-- run_test.py: invoking following command in '/home/davide/sesasr_labs/src/examples/rclcpp/timers/minimal_timer':
 - /opt/ros/humble/bin/ament_cppcheck --xunit-file /home/davide/sesasr_labs/build/examples_rclcpp_minimal_timer/test_results/examples_rclcpp_minimal_timer/cppcheck.xunit.xml
cppcheck 2.7 has known performance issues and therefore will not be used, set the AMENT_CPPCHECK_ALLOW_SLOW_VERSIONS environment variable to override this.
-- run_test.py: return code 0
-- run_test.py: verify result file '/home/davide/sesasr_labs/build/examples_rclcpp_minimal_timer/test_results/examples_rclcpp_minimal_timer/cppcheck.xunit.xml'
</Value>
				</Measurement>
			</Results>
			<Labels>
				<Label>cppcheck</Label>
				<Label>linter</Label>
			</Labels>
		</Test>
		<Test Status="passed">
			<Name>cpplint</Name>
			<Path>.</Path>
			<FullName>./cpplint</FullName>
			<FullCommandLine>/usr/bin/python3.10 "-u" "/opt/ros/humble/share/ament_cmake_test/cmake/run_test.py" "/home/davide/sesasr_labs/build/examples_rclcpp_minimal_timer/test_results/examples_rclcpp_minimal_timer/cpplint.xunit.xml" "--package-name" "examples_rclcpp_minimal_timer" "--output-file" "/home/davide/sesasr_labs/build/examples_rclcpp_minimal_timer/ament_cpplint/cpplint.txt" "--command" "/opt/ros/humble/bin/ament_cpplint" "--xunit-file" "/home/davide/sesasr_labs/build/examples_rclcpp_minimal_timer/test_results/examples_rclcpp_minimal_timer/cpplint.xunit.xml"</FullCommandLine>
			<Results>
				<NamedMeasurement type="numeric/double" name="Execution Time">
					<Value>0.179205</Value>
				</NamedMeasurement>
				<NamedMeasurement type="numeric/double" name="Processors">
					<Value>1</Value>
				</NamedMeasurement>
				<NamedMeasurement type="text/string" name="Completion Status">
					<Value>Completed</Value>
				</NamedMeasurement>
				<NamedMeasurement type="text/string" name="Command Line">
					<Value>/usr/bin/python3.10 "-u" "/opt/ros/humble/share/ament_cmake_test/cmake/run_test.py" "/home/davide/sesasr_labs/build/examples_rclcpp_minimal_timer/test_results/examples_rclcpp_minimal_timer/cpplint.xunit.xml" "--package-name" "examples_rclcpp_minimal_timer" "--output-file" "/home/davide/sesasr_labs/build/examples_rclcpp_minimal_timer/ament_cpplint/cpplint.txt" "--command" "/opt/ros/humble/bin/ament_cpplint" "--xunit-file" "/home/davide/sesasr_labs/build/examples_rclcpp_minimal_timer/test_results/examples_rclcpp_minimal_timer/cpplint.xunit.xml"</Value>
				</NamedMeasurement>
				<NamedMeasurement type="text/string" name="Environment">
					<Value>#CTEST_RESOURCE_GROUP_COUNT=</Value>
				</NamedMeasurement>
				<Measurement>
					<Value>-- run_test.py: invoking following command in '/home/davide/sesasr_labs/src/examples/rclcpp/timers/minimal_timer':
 - /opt/ros/humble/bin/ament_cpplint --xunit-file /home/davide/sesasr_labs/build/examples_rclcpp_minimal_timer/test_results/examples_rclcpp_minimal_timer/cpplint.xunit.xml
Using '--root=..' argument

Done processing /home/davide/sesasr_labs/src/examples/rclcpp/timers/minimal_timer/lambda.cpp

Done processing /home/davide/sesasr_labs/src/examples/rclcpp/timers/minimal_timer/member_function.cpp

No problems found
-- run_test.py: return code 0
-- run_test.py: verify result file '/home/davide/sesasr_labs/build/examples_rclcpp_minimal_timer/test_results/examples_rclcpp_minimal_timer/cpplint.xunit.xml'
</Value>
				</Measurement>
			</Results>
			<Labels>
				<Label>cpplint</Label>
				<Label>linter</Label>
			</Labels>
		</Test>
		<Test Status="passed">
			<Name>lint_cmake</Name>
			<Path>.</Path>
			<FullName>./lint_cmake</FullName>
			<FullCommandLine>/usr/bin/python3.10 "-u" "/opt/ros/humble/share/ament_cmake_test/cmake/run_test.py" "/home/davide/sesasr_labs/build/examples_rclcpp_minimal_timer/test_results/examples_rclcpp_minimal_timer/lint_cmake.xunit.xml" "--package-name" "examples_rclcpp_minimal_timer" "--output-file" "/home/davide/sesasr_labs/build/examples_rclcpp_minimal_timer/ament_lint_cmake/lint_cmake.txt" "--command" "/opt/ros/humble/bin/ament_lint_cmake" "--xunit-file" "/home/davide/sesasr_labs/build/examples_rclcpp_minimal_timer/test_results/examples_rclcpp_minimal_timer/lint_cmake.xunit.xml"</FullCommandLine>
			<Results>
				<NamedMeasurement type="numeric/double" name="Execution Time">
					<Value>0.140494</Value>
				</NamedMeasurement>
				<NamedMeasurement type="numeric/double" name="Processors">
					<Value>1</Value>
				</NamedMeasurement>
				<NamedMeasurement type="text/string" name="Completion Status">
					<Value>Completed</Value>
				</NamedMeasurement>
				<NamedMeasurement type="text/string" name="Command Line">
					<Value>/usr/bin/python3.10 "-u" "/opt/ros/humble/share/ament_cmake_test/cmake/run_test.py" "/home/davide/sesasr_labs/build/examples_rclcpp_minimal_timer/test_results/examples_rclcpp_minimal_timer/lint_cmake.xunit.xml" "--package-name" "examples_rclcpp_minimal_timer" "--output-file" "/home/davide/sesasr_labs/build/examples_rclcpp_minimal_timer/ament_lint_cmake/lint_cmake.txt" "--command" "/opt/ros/humble/bin/ament_lint_cmake" "--xunit-file" "/home/davide/sesasr_labs/build/examples_rclcpp_minimal_timer/test_results/examples_rclcpp_minimal_timer/lint_cmake.xunit.xml"</Value>
				</NamedMeasurement>
				<NamedMeasurement type="text/string" name="Environment">
					<Value>#CTEST_RESOURCE_GROUP_COUNT=</Value>
				</NamedMeasurement>
				<Measurement>
					<Value>-- run_test.py: invoking following command in '/home/davide/sesasr_labs/src/examples/rclcpp/timers/minimal_timer':
 - /opt/ros/humble/bin/ament_lint_cmake --xunit-file /home/davide/sesasr_labs/build/examples_rclcpp_minimal_timer/test_results/examples_rclcpp_minimal_timer/lint_cmake.xunit.xml

No problems found
-- run_test.py: return code 0
-- run_test.py: verify result file '/home/davide/sesasr_labs/build/examples_rclcpp_minimal_timer/test_results/examples_rclcpp_minimal_timer/lint_cmake.xunit.xml'
</Value>
				</Measurement>
			</Results>
			<Labels>
				<Label>lint_cmake</Label>
				<Label>linter</Label>
			</Labels>
		</Test>
		<Test Status="passed">
			<Name>uncrustify</Name>
			<Path>.</Path>
			<FullName>./uncrustify</FullName>
			<FullCommandLine>/usr/bin/python3.10 "-u" "/opt/ros/humble/share/ament_cmake_test/cmake/run_test.py" "/home/davide/sesasr_labs/build/examples_rclcpp_minimal_timer/test_results/examples_rclcpp_minimal_timer/uncrustify.xunit.xml" "--package-name" "examples_rclcpp_minimal_timer" "--output-file" "/home/davide/sesasr_labs/build/examples_rclcpp_minimal_timer/ament_uncrustify/uncrustify.txt" "--command" "/opt/ros/humble/bin/ament_uncrustify" "--xunit-file" "/home/davide/sesasr_labs/build/examples_rclcpp_minimal_timer/test_results/examples_rclcpp_minimal_timer/uncrustify.xunit.xml"</FullCommandLine>
			<Results>
				<NamedMeasurement type="numeric/double" name="Execution Time">
					<Value>0.183534</Value>
				</NamedMeasurement>
				<NamedMeasurement type="numeric/double" name="Processors">
					<Value>1</Value>
				</NamedMeasurement>
				<NamedMeasurement type="text/string" name="Completion Status">
					<Value>Completed</Value>
				</NamedMeasurement>
				<NamedMeasurement type="text/string" name="Command Line">
					<Value>/usr/bin/python3.10 "-u" "/opt/ros/humble/share/ament_cmake_test/cmake/run_test.py" "/home/davide/sesasr_labs/build/examples_rclcpp_minimal_timer/test_results/examples_rclcpp_minimal_timer/uncrustify.xunit.xml" "--package-name" "examples_rclcpp_minimal_timer" "--output-file" "/home/davide/sesasr_labs/build/examples_rclcpp_minimal_timer/ament_uncrustify/uncrustify.txt" "--command" "/opt/ros/humble/bin/ament_uncrustify" "--xunit-file" "/home/davide/sesasr_labs/build/examples_rclcpp_minimal_timer/test_results/examples_rclcpp_minimal_timer/uncrustify.xunit.xml"</Value>
				</NamedMeasurement>
				<NamedMeasurement type="text/string" name="Environment">
					<Value>#CTEST_RESOURCE_GROUP_COUNT=</Value>
				</NamedMeasurement>
				<Measurement>
					<Value>-- run_test.py: invoking following command in '/home/davide/sesasr_labs/src/examples/rclcpp/timers/minimal_timer':
 - /opt/ros/humble/bin/ament_uncrustify --xunit-file /home/davide/sesasr_labs/build/examples_rclcpp_minimal_timer/test_results/examples_rclcpp_minimal_timer/uncrustify.xunit.xml
No code style divergence in file 'lambda.cpp'

No code style divergence in file 'member_function.cpp'

No problems found
-- run_test.py: return code 0
-- run_test.py: verify result file '/home/davide/sesasr_labs/build/examples_rclcpp_minimal_timer/test_results/examples_rclcpp_minimal_timer/uncrustify.xunit.xml'
</Value>
				</Measurement>
			</Results>
			<Labels>
				<Label>linter</Label>
				<Label>uncrustify</Label>
			</Labels>
		</Test>
		<Test Status="passed">
			<Name>xmllint</Name>
			<Path>.</Path>
			<FullName>./xmllint</FullName>
			<FullCommandLine>/usr/bin/python3.10 "-u" "/opt/ros/humble/share/ament_cmake_test/cmake/run_test.py" "/home/davide/sesasr_labs/build/examples_rclcpp_minimal_timer/test_results/examples_rclcpp_minimal_timer/xmllint.xunit.xml" "--package-name" "examples_rclcpp_minimal_timer" "--output-file" "/home/davide/sesasr_labs/build/examples_rclcpp_minimal_timer/ament_xmllint/xmllint.txt" "--command" "/opt/ros/humble/bin/ament_xmllint" "--xunit-file" "/home/davide/sesasr_labs/build/examples_rclcpp_minimal_timer/test_results/examples_rclcpp_minimal_timer/xmllint.xunit.xml"</FullCommandLine>
			<Results>
				<NamedMeasurement type="numeric/double" name="Execution Time">
					<Value>0.388088</Value>
				</NamedMeasurement>
				<NamedMeasurement type="numeric/double" name="Processors">
					<Value>1</Value>
				</NamedMeasurement>
				<NamedMeasurement type="text/string" name="Completion Status">
					<Value>Completed</Value>
				</NamedMeasurement>
				<NamedMeasurement type="text/string" name="Command Line">
					<Value>/usr/bin/python3.10 "-u" "/opt/ros/humble/share/ament_cmake_test/cmake/run_test.py" "/home/davide/sesasr_labs/build/examples_rclcpp_minimal_timer/test_results/examples_rclcpp_minimal_timer/xmllint.xunit.xml" "--package-name" "examples_rclcpp_minimal_timer" "--output-file" "/home/davide/sesasr_labs/build/examples_rclcpp_minimal_timer/ament_xmllint/xmllint.txt" "--command" "/opt/ros/humble/bin/ament_xmllint" "--xunit-file" "/home/davide/sesasr_labs/build/examples_rclcpp_minimal_timer/test_results/examples_rclcpp_minimal_timer/xmllint.xunit.xml"</Value>
				</NamedMeasurement>
				<NamedMeasurement type="text/string" name="Environment">
					<Value>#CTEST_RESOURCE_GROUP_COUNT=</Value>
				</NamedMeasurement>
				<Measurement>
					<Value>-- run_test.py: invoking following command in '/home/davide/sesasr_labs/src/examples/rclcpp/timers/minimal_timer':
 - /opt/ros/humble/bin/ament_xmllint --xunit-file /home/davide/sesasr_labs/build/examples_rclcpp_minimal_timer/test_results/examples_rclcpp_minimal_timer/xmllint.xunit.xml
File 'package.xml' is valid

No problems found
-- run_test.py: return code 0
-- run_test.py: verify result file '/home/davide/sesasr_labs/build/examples_rclcpp_minimal_timer/test_results/examples_rclcpp_minimal_timer/xmllint.xunit.xml'
</Value>
				</Measurement>
			</Results>
			<Labels>
				<Label>linter</Label>
				<Label>xmllint</Label>
			</Labels>
		</Test>
		<EndDateTime>Dec 18 17:21 CET</EndDateTime>
		<EndTestTime>1702916492</EndTestTime>
		<ElapsedMinutes>0</ElapsedMinutes>
	</Testing>
</Site>
