Start testing: Dec 18 17:21 CET
----------------------------------------------------------
1/6 Testing: copyright
1/6 Test: copyright
Command: "/usr/bin/python3.10" "-u" "/opt/ros/humble/share/ament_cmake_test/cmake/run_test.py" "/home/davide/sesasr_labs/build/examples_rclcpp_minimal_composition/test_results/examples_rclcpp_minimal_composition/copyright.xunit.xml" "--package-name" "examples_rclcpp_minimal_composition" "--output-file" "/home/davide/sesasr_labs/build/examples_rclcpp_minimal_composition/ament_copyright/copyright.txt" "--command" "/opt/ros/humble/bin/ament_copyright" "--xunit-file" "/home/davide/sesasr_labs/build/examples_rclcpp_minimal_composition/test_results/examples_rclcpp_minimal_composition/copyright.xunit.xml"
Directory: /home/davide/sesasr_labs/src/examples/rclcpp/composition/minimal_composition
"copyright" start time: Dec 18 17:21 CET
Output:
----------------------------------------------------------
-- run_test.py: invoking following command in '/home/davide/sesasr_labs/src/examples/rclcpp/composition/minimal_composition':
 - /opt/ros/humble/bin/ament_copyright --xunit-file /home/davide/sesasr_labs/build/examples_rclcpp_minimal_composition/test_results/examples_rclcpp_minimal_composition/copyright.xunit.xml
No problems found, checked 8 files
-- run_test.py: return code 0
-- run_test.py: verify result file '/home/davide/sesasr_labs/build/examples_rclcpp_minimal_composition/test_results/examples_rclcpp_minimal_composition/copyright.xunit.xml'
<end of output>
Test time =   0.40 sec
----------------------------------------------------------
Test Passed.
"copyright" end time: Dec 18 17:21 CET
"copyright" time elapsed: 00:00:00
----------------------------------------------------------

2/6 Testing: cppcheck
2/6 Test: cppcheck
Command: "/usr/bin/python3.10" "-u" "/opt/ros/humble/share/ament_cmake_test/cmake/run_test.py" "/home/davide/sesasr_labs/build/examples_rclcpp_minimal_composition/test_results/examples_rclcpp_minimal_composition/cppcheck.xunit.xml" "--package-name" "examples_rclcpp_minimal_composition" "--output-file" "/home/davide/sesasr_labs/build/examples_rclcpp_minimal_composition/ament_cppcheck/cppcheck.txt" "--command" "/opt/ros/humble/bin/ament_cppcheck" "--xunit-file" "/home/davide/sesasr_labs/build/examples_rclcpp_minimal_composition/test_results/examples_rclcpp_minimal_composition/cppcheck.xunit.xml" "--include_dirs" "/home/davide/sesasr_labs/src/examples/rclcpp/composition/minimal_composition/include"
Directory: /home/davide/sesasr_labs/src/examples/rclcpp/composition/minimal_composition
"cppcheck" start time: Dec 18 17:21 CET
Output:
----------------------------------------------------------
-- run_test.py: invoking following command in '/home/davide/sesasr_labs/src/examples/rclcpp/composition/minimal_composition':
 - /opt/ros/humble/bin/ament_cppcheck --xunit-file /home/davide/sesasr_labs/build/examples_rclcpp_minimal_composition/test_results/examples_rclcpp_minimal_composition/cppcheck.xunit.xml --include_dirs /home/davide/sesasr_labs/src/examples/rclcpp/composition/minimal_composition/include
cppcheck 2.7 has known performance issues and therefore will not be used, set the AMENT_CPPCHECK_ALLOW_SLOW_VERSIONS environment variable to override this.
-- run_test.py: return code 0
-- run_test.py: verify result file '/home/davide/sesasr_labs/build/examples_rclcpp_minimal_composition/test_results/examples_rclcpp_minimal_composition/cppcheck.xunit.xml'
<end of output>
Test time =   0.17 sec
----------------------------------------------------------
Test Passed.
"cppcheck" end time: Dec 18 17:21 CET
"cppcheck" time elapsed: 00:00:00
----------------------------------------------------------

3/6 Testing: cpplint
3/6 Test: cpplint
Command: "/usr/bin/python3.10" "-u" "/opt/ros/humble/share/ament_cmake_test/cmake/run_test.py" "/home/davide/sesasr_labs/build/examples_rclcpp_minimal_composition/test_results/examples_rclcpp_minimal_composition/cpplint.xunit.xml" "--package-name" "examples_rclcpp_minimal_composition" "--output-file" "/home/davide/sesasr_labs/build/examples_rclcpp_minimal_composition/ament_cpplint/cpplint.txt" "--command" "/opt/ros/humble/bin/ament_cpplint" "--xunit-file" "/home/davide/sesasr_labs/build/examples_rclcpp_minimal_composition/test_results/examples_rclcpp_minimal_composition/cpplint.xunit.xml"
Directory: /home/davide/sesasr_labs/src/examples/rclcpp/composition/minimal_composition
"cpplint" start time: Dec 18 17:21 CET
Output:
----------------------------------------------------------
-- run_test.py: invoking following command in '/home/davide/sesasr_labs/src/examples/rclcpp/composition/minimal_composition':
 - /opt/ros/humble/bin/ament_cpplint --xunit-file /home/davide/sesasr_labs/build/examples_rclcpp_minimal_composition/test_results/examples_rclcpp_minimal_composition/cpplint.xunit.xml
Using '--root=/home/davide/sesasr_labs/src/examples/rclcpp/composition/minimal_composition/include' argument

Done processing /home/davide/sesasr_labs/src/examples/rclcpp/composition/minimal_composition/include/minimal_composition/publisher_node.hpp

Done processing /home/davide/sesasr_labs/src/examples/rclcpp/composition/minimal_composition/include/minimal_composition/subscriber_node.hpp

Done processing /home/davide/sesasr_labs/src/examples/rclcpp/composition/minimal_composition/include/minimal_composition/visibility.h

Using '--root=/home/davide/sesasr_labs/src/examples/rclcpp/composition/minimal_composition/src' argument

Done processing /home/davide/sesasr_labs/src/examples/rclcpp/composition/minimal_composition/src/composed.cpp

Done processing /home/davide/sesasr_labs/src/examples/rclcpp/composition/minimal_composition/src/publisher_node.cpp

Done processing /home/davide/sesasr_labs/src/examples/rclcpp/composition/minimal_composition/src/standalone_publisher.cpp

Done processing /home/davide/sesasr_labs/src/examples/rclcpp/composition/minimal_composition/src/standalone_subscriber.cpp

Done processing /home/davide/sesasr_labs/src/examples/rclcpp/composition/minimal_composition/src/subscriber_node.cpp

No problems found
-- run_test.py: return code 0
-- run_test.py: verify result file '/home/davide/sesasr_labs/build/examples_rclcpp_minimal_composition/test_results/examples_rclcpp_minimal_composition/cpplint.xunit.xml'
<end of output>
Test time =   0.21 sec
----------------------------------------------------------
Test Passed.
"cpplint" end time: Dec 18 17:21 CET
"cpplint" time elapsed: 00:00:00
----------------------------------------------------------

4/6 Testing: lint_cmake
4/6 Test: lint_cmake
Command: "/usr/bin/python3.10" "-u" "/opt/ros/humble/share/ament_cmake_test/cmake/run_test.py" "/home/davide/sesasr_labs/build/examples_rclcpp_minimal_composition/test_results/examples_rclcpp_minimal_composition/lint_cmake.xunit.xml" "--package-name" "examples_rclcpp_minimal_composition" "--output-file" "/home/davide/sesasr_labs/build/examples_rclcpp_minimal_composition/ament_lint_cmake/lint_cmake.txt" "--command" "/opt/ros/humble/bin/ament_lint_cmake" "--xunit-file" "/home/davide/sesasr_labs/build/examples_rclcpp_minimal_composition/test_results/examples_rclcpp_minimal_composition/lint_cmake.xunit.xml"
Directory: /home/davide/sesasr_labs/src/examples/rclcpp/composition/minimal_composition
"lint_cmake" start time: Dec 18 17:21 CET
Output:
----------------------------------------------------------
-- run_test.py: invoking following command in '/home/davide/sesasr_labs/src/examples/rclcpp/composition/minimal_composition':
 - /opt/ros/humble/bin/ament_lint_cmake --xunit-file /home/davide/sesasr_labs/build/examples_rclcpp_minimal_composition/test_results/examples_rclcpp_minimal_composition/lint_cmake.xunit.xml

No problems found
-- run_test.py: return code 0
-- run_test.py: verify result file '/home/davide/sesasr_labs/build/examples_rclcpp_minimal_composition/test_results/examples_rclcpp_minimal_composition/lint_cmake.xunit.xml'
<end of output>
Test time =   0.13 sec
----------------------------------------------------------
Test Passed.
"lint_cmake" end time: Dec 18 17:21 CET
"lint_cmake" time elapsed: 00:00:00
----------------------------------------------------------

5/6 Testing: uncrustify
5/6 Test: uncrustify
Command: "/usr/bin/python3.10" "-u" "/opt/ros/humble/share/ament_cmake_test/cmake/run_test.py" "/home/davide/sesasr_labs/build/examples_rclcpp_minimal_composition/test_results/examples_rclcpp_minimal_composition/uncrustify.xunit.xml" "--package-name" "examples_rclcpp_minimal_composition" "--output-file" "/home/davide/sesasr_labs/build/examples_rclcpp_minimal_composition/ament_uncrustify/uncrustify.txt" "--command" "/opt/ros/humble/bin/ament_uncrustify" "--xunit-file" "/home/davide/sesasr_labs/build/examples_rclcpp_minimal_composition/test_results/examples_rclcpp_minimal_composition/uncrustify.xunit.xml"
Directory: /home/davide/sesasr_labs/src/examples/rclcpp/composition/minimal_composition
"uncrustify" start time: Dec 18 17:21 CET
Output:
----------------------------------------------------------
-- run_test.py: invoking following command in '/home/davide/sesasr_labs/src/examples/rclcpp/composition/minimal_composition':
 - /opt/ros/humble/bin/ament_uncrustify --xunit-file /home/davide/sesasr_labs/build/examples_rclcpp_minimal_composition/test_results/examples_rclcpp_minimal_composition/uncrustify.xunit.xml
No code style divergence in file 'include/minimal_composition/publisher_node.hpp'

No code style divergence in file 'include/minimal_composition/subscriber_node.hpp'

No code style divergence in file 'include/minimal_composition/visibility.h'

No code style divergence in file 'src/composed.cpp'

No code style divergence in file 'src/publisher_node.cpp'

No code style divergence in file 'src/standalone_publisher.cpp'

No code style divergence in file 'src/standalone_subscriber.cpp'

No code style divergence in file 'src/subscriber_node.cpp'

No problems found
-- run_test.py: return code 0
-- run_test.py: verify result file '/home/davide/sesasr_labs/build/examples_rclcpp_minimal_composition/test_results/examples_rclcpp_minimal_composition/uncrustify.xunit.xml'
<end of output>
Test time =   0.12 sec
----------------------------------------------------------
Test Passed.
"uncrustify" end time: Dec 18 17:21 CET
"uncrustify" time elapsed: 00:00:00
----------------------------------------------------------

6/6 Testing: xmllint
6/6 Test: xmllint
Command: "/usr/bin/python3.10" "-u" "/opt/ros/humble/share/ament_cmake_test/cmake/run_test.py" "/home/davide/sesasr_labs/build/examples_rclcpp_minimal_composition/test_results/examples_rclcpp_minimal_composition/xmllint.xunit.xml" "--package-name" "examples_rclcpp_minimal_composition" "--output-file" "/home/davide/sesasr_labs/build/examples_rclcpp_minimal_composition/ament_xmllint/xmllint.txt" "--command" "/opt/ros/humble/bin/ament_xmllint" "--xunit-file" "/home/davide/sesasr_labs/build/examples_rclcpp_minimal_composition/test_results/examples_rclcpp_minimal_composition/xmllint.xunit.xml"
Directory: /home/davide/sesasr_labs/src/examples/rclcpp/composition/minimal_composition
"xmllint" start time: Dec 18 17:21 CET
Output:
----------------------------------------------------------
-- run_test.py: invoking following command in '/home/davide/sesasr_labs/src/examples/rclcpp/composition/minimal_composition':
 - /opt/ros/humble/bin/ament_xmllint --xunit-file /home/davide/sesasr_labs/build/examples_rclcpp_minimal_composition/test_results/examples_rclcpp_minimal_composition/xmllint.xunit.xml
File 'package.xml' is valid

No problems found
-- run_test.py: return code 0
-- run_test.py: verify result file '/home/davide/sesasr_labs/build/examples_rclcpp_minimal_composition/test_results/examples_rclcpp_minimal_composition/xmllint.xunit.xml'
<end of output>
Test time =   0.79 sec
----------------------------------------------------------
Test Passed.
"xmllint" end time: Dec 18 17:21 CET
"xmllint" time elapsed: 00:00:00
----------------------------------------------------------

End testing: Dec 18 17:21 CET

copyright =   0.40 sec*proc

cppcheck =   0.17 sec*proc

cpplint =   0.21 sec*proc

lint_cmake =   0.13 sec*proc

linter =   1.82 sec*proc

uncrustify =   0.12 sec*proc

xmllint =   0.79 sec*proc

