<?xml version="1.0" encoding="UTF-8"?>
<Site BuildName="(empty)"
	BuildStamp="20231218-1621-Experimental"
	Name="Goliath"
	Generator="ctest-3.22.1"
	CompilerName="/usr/bin/c++"
	CompilerVersion="11.4.0"
	OSName="Linux"
	Hostname="Goliath"
	OSRelease="5.15.133.1-microsoft-standard-WSL2"
	OSVersion="#1 SMP Thu Oct 5 21:02:42 UTC 2023"
	OSPlatform="x86_64"
	Is64Bits="1"
	VendorString="GenuineIntel"
	VendorID="Intel Corporation"
	FamilyID="6"
	ModelID="158"
	ProcessorCacheSize="12288"
	NumberOfLogicalCPU="8"
	NumberOfPhysicalCPU="8"
	TotalVirtualMemory="4096"
	TotalPhysicalMemory="15951"
	LogicalProcessorsPerPhysical="1"
	ProcessorClockFrequency="3600"
	>
	<Testing>
		<StartDateTime>Dec 18 17:21 CET</StartDateTime>
		<StartTestTime>1702916488</StartTestTime>
		<TestList>
			<Test>./copyright</Test>
			<Test>./cppcheck</Test>
			<Test>./cpplint</Test>
			<Test>./lint_cmake</Test>
			<Test>./uncrustify</Test>
			<Test>./xmllint</Test>
		</TestList>
		<Test Status="passed">
			<Name>copyright</Name>
			<Path>.</Path>
			<FullName>./copyright</FullName>
			<FullCommandLine>/usr/bin/python3.10 "-u" "/opt/ros/humble/share/ament_cmake_test/cmake/run_test.py" "/home/davide/sesasr_labs/build/examples_rclcpp_cbg_executor/test_results/examples_rclcpp_cbg_executor/copyright.xunit.xml" "--package-name" "examples_rclcpp_cbg_executor" "--output-file" "/home/davide/sesasr_labs/build/examples_rclcpp_cbg_executor/ament_copyright/copyright.txt" "--command" "/opt/ros/humble/bin/ament_copyright" "--xunit-file" "/home/davide/sesasr_labs/build/examples_rclcpp_cbg_executor/test_results/examples_rclcpp_cbg_executor/copyright.xunit.xml"</FullCommandLine>
			<Results>
				<NamedMeasurement type="numeric/double" name="Execution Time">
					<Value>0.38063</Value>
				</NamedMeasurement>
				<NamedMeasurement type="numeric/double" name="Processors">
					<Value>1</Value>
				</NamedMeasurement>
				<NamedMeasurement type="text/string" name="Completion Status">
					<Value>Completed</Value>
				</NamedMeasurement>
				<NamedMeasurement type="text/string" name="Command Line">
					<Value>/usr/bin/python3.10 "-u" "/opt/ros/humble/share/ament_cmake_test/cmake/run_test.py" "/home/davide/sesasr_labs/build/examples_rclcpp_cbg_executor/test_results/examples_rclcpp_cbg_executor/copyright.xunit.xml" "--package-name" "examples_rclcpp_cbg_executor" "--output-file" "/home/davide/sesasr_labs/build/examples_rclcpp_cbg_executor/ament_copyright/copyright.txt" "--command" "/opt/ros/humble/bin/ament_copyright" "--xunit-file" "/home/davide/sesasr_labs/build/examples_rclcpp_cbg_executor/test_results/examples_rclcpp_cbg_executor/copyright.xunit.xml"</Value>
				</NamedMeasurement>
				<NamedMeasurement type="text/string" name="Environment">
					<Value>#CTEST_RESOURCE_GROUP_COUNT=</Value>
				</NamedMeasurement>
				<Measurement>
					<Value>-- run_test.py: invoking following command in '/home/davide/sesasr_labs/src/examples/rclcpp/executors/cbg_executor':
 - /opt/ros/humble/bin/ament_copyright --xunit-file /home/davide/sesasr_labs/build/examples_rclcpp_cbg_executor/test_results/examples_rclcpp_cbg_executor/copyright.xunit.xml
No problems found, checked 8 files
-- run_test.py: return code 0
-- run_test.py: verify result file '/home/davide/sesasr_labs/build/examples_rclcpp_cbg_executor/test_results/examples_rclcpp_cbg_executor/copyright.xunit.xml'
</Value>
				</Measurement>
			</Results>
			<Labels>
				<Label>copyright</Label>
				<Label>linter</Label>
			</Labels>
		</Test>
		<Test Status="passed">
			<Name>cppcheck</Name>
			<Path>.</Path>
			<FullName>./cppcheck</FullName>
			<FullCommandLine>/usr/bin/python3.10 "-u" "/opt/ros/humble/share/ament_cmake_test/cmake/run_test.py" "/home/davide/sesasr_labs/build/examples_rclcpp_cbg_executor/test_results/examples_rclcpp_cbg_executor/cppcheck.xunit.xml" "--package-name" "examples_rclcpp_cbg_executor" "--output-file" "/home/davide/sesasr_labs/build/examples_rclcpp_cbg_executor/ament_cppcheck/cppcheck.txt" "--command" "/opt/ros/humble/bin/ament_cppcheck" "--xunit-file" "/home/davide/sesasr_labs/build/examples_rclcpp_cbg_executor/test_results/examples_rclcpp_cbg_executor/cppcheck.xunit.xml" "--include_dirs" "/home/davide/sesasr_labs/src/examples/rclcpp/executors/cbg_executor/include"</FullCommandLine>
			<Results>
				<NamedMeasurement type="numeric/double" name="Execution Time">
					<Value>0.14347</Value>
				</NamedMeasurement>
				<NamedMeasurement type="numeric/double" name="Processors">
					<Value>1</Value>
				</NamedMeasurement>
				<NamedMeasurement type="text/string" name="Completion Status">
					<Value>Completed</Value>
				</NamedMeasurement>
				<NamedMeasurement type="text/string" name="Command Line">
					<Value>/usr/bin/python3.10 "-u" "/opt/ros/humble/share/ament_cmake_test/cmake/run_test.py" "/home/davide/sesasr_labs/build/examples_rclcpp_cbg_executor/test_results/examples_rclcpp_cbg_executor/cppcheck.xunit.xml" "--package-name" "examples_rclcpp_cbg_executor" "--output-file" "/home/davide/sesasr_labs/build/examples_rclcpp_cbg_executor/ament_cppcheck/cppcheck.txt" "--command" "/opt/ros/humble/bin/ament_cppcheck" "--xunit-file" "/home/davide/sesasr_labs/build/examples_rclcpp_cbg_executor/test_results/examples_rclcpp_cbg_executor/cppcheck.xunit.xml" "--include_dirs" "/home/davide/sesasr_labs/src/examples/rclcpp/executors/cbg_executor/include"</Value>
				</NamedMeasurement>
				<NamedMeasurement type="text/string" name="Environment">
					<Value>#CTEST_RESOURCE_GROUP_COUNT=</Value>
				</NamedMeasurement>
				<Measurement>
					<Value>-- run_test.py: invoking following command in '/home/davide/sesasr_labs/src/examples/rclcpp/executors/cbg_executor':
 - /opt/ros/humble/bin/ament_cppcheck --xunit-file /home/davide/sesasr_labs/build/examples_rclcpp_cbg_executor/test_results/examples_rclcpp_cbg_executor/cppcheck.xunit.xml --include_dirs /home/davide/sesasr_labs/src/examples/rclcpp/executors/cbg_executor/include
cppcheck 2.7 has known performance issues and therefore will not be used, set the AMENT_CPPCHECK_ALLOW_SLOW_VERSIONS environment variable to override this.
-- run_test.py: return code 0
-- run_test.py: verify result file '/home/davide/sesasr_labs/build/examples_rclcpp_cbg_executor/test_results/examples_rclcpp_cbg_executor/cppcheck.xunit.xml'
</Value>
				</Measurement>
			</Results>
			<Labels>
				<Label>cppcheck</Label>
				<Label>linter</Label>
			</Labels>
		</Test>
		<Test Status="passed">
			<Name>cpplint</Name>
			<Path>.</Path>
			<FullName>./cpplint</FullName>
			<FullCommandLine>/usr/bin/python3.10 "-u" "/opt/ros/humble/share/ament_cmake_test/cmake/run_test.py" "/home/davide/sesasr_labs/build/examples_rclcpp_cbg_executor/test_results/examples_rclcpp_cbg_executor/cpplint.xunit.xml" "--package-name" "examples_rclcpp_cbg_executor" "--output-file" "/home/davide/sesasr_labs/build/examples_rclcpp_cbg_executor/ament_cpplint/cpplint.txt" "--command" "/opt/ros/humble/bin/ament_cpplint" "--xunit-file" "/home/davide/sesasr_labs/build/examples_rclcpp_cbg_executor/test_results/examples_rclcpp_cbg_executor/cpplint.xunit.xml"</FullCommandLine>
			<Results>
				<NamedMeasurement type="numeric/double" name="Execution Time">
					<Value>0.346971</Value>
				</NamedMeasurement>
				<NamedMeasurement type="numeric/double" name="Processors">
					<Value>1</Value>
				</NamedMeasurement>
				<NamedMeasurement type="text/string" name="Completion Status">
					<Value>Completed</Value>
				</NamedMeasurement>
				<NamedMeasurement type="text/string" name="Command Line">
					<Value>/usr/bin/python3.10 "-u" "/opt/ros/humble/share/ament_cmake_test/cmake/run_test.py" "/home/davide/sesasr_labs/build/examples_rclcpp_cbg_executor/test_results/examples_rclcpp_cbg_executor/cpplint.xunit.xml" "--package-name" "examples_rclcpp_cbg_executor" "--output-file" "/home/davide/sesasr_labs/build/examples_rclcpp_cbg_executor/ament_cpplint/cpplint.txt" "--command" "/opt/ros/humble/bin/ament_cpplint" "--xunit-file" "/home/davide/sesasr_labs/build/examples_rclcpp_cbg_executor/test_results/examples_rclcpp_cbg_executor/cpplint.xunit.xml"</Value>
				</NamedMeasurement>
				<NamedMeasurement type="text/string" name="Environment">
					<Value>#CTEST_RESOURCE_GROUP_COUNT=</Value>
				</NamedMeasurement>
				<Measurement>
					<Value>-- run_test.py: invoking following command in '/home/davide/sesasr_labs/src/examples/rclcpp/executors/cbg_executor':
 - /opt/ros/humble/bin/ament_cpplint --xunit-file /home/davide/sesasr_labs/build/examples_rclcpp_cbg_executor/test_results/examples_rclcpp_cbg_executor/cpplint.xunit.xml
Using '--root=/home/davide/sesasr_labs/src/examples/rclcpp/executors/cbg_executor/include' argument

Done processing /home/davide/sesasr_labs/src/examples/rclcpp/executors/cbg_executor/include/examples_rclcpp_cbg_executor/ping_node.hpp

Done processing /home/davide/sesasr_labs/src/examples/rclcpp/executors/cbg_executor/include/examples_rclcpp_cbg_executor/pong_node.hpp

Using '--root=/home/davide/sesasr_labs/src/examples/rclcpp/executors/cbg_executor/src' argument

Done processing /home/davide/sesasr_labs/src/examples/rclcpp/executors/cbg_executor/src/examples_rclcpp_cbg_executor/ping_node.cpp

Done processing /home/davide/sesasr_labs/src/examples/rclcpp/executors/cbg_executor/src/examples_rclcpp_cbg_executor/pong_node.cpp

Done processing /home/davide/sesasr_labs/src/examples/rclcpp/executors/cbg_executor/src/examples_rclcpp_cbg_executor/utilities.hpp

Done processing /home/davide/sesasr_labs/src/examples/rclcpp/executors/cbg_executor/src/ping.cpp

Done processing /home/davide/sesasr_labs/src/examples/rclcpp/executors/cbg_executor/src/ping_pong.cpp

Done processing /home/davide/sesasr_labs/src/examples/rclcpp/executors/cbg_executor/src/pong.cpp

No problems found
-- run_test.py: return code 0
-- run_test.py: verify result file '/home/davide/sesasr_labs/build/examples_rclcpp_cbg_executor/test_results/examples_rclcpp_cbg_executor/cpplint.xunit.xml'
</Value>
				</Measurement>
			</Results>
			<Labels>
				<Label>cpplint</Label>
				<Label>linter</Label>
			</Labels>
		</Test>
		<Test Status="passed">
			<Name>lint_cmake</Name>
			<Path>.</Path>
			<FullName>./lint_cmake</FullName>
			<FullCommandLine>/usr/bin/python3.10 "-u" "/opt/ros/humble/share/ament_cmake_test/cmake/run_test.py" "/home/davide/sesasr_labs/build/examples_rclcpp_cbg_executor/test_results/examples_rclcpp_cbg_executor/lint_cmake.xunit.xml" "--package-name" "examples_rclcpp_cbg_executor" "--output-file" "/home/davide/sesasr_labs/build/examples_rclcpp_cbg_executor/ament_lint_cmake/lint_cmake.txt" "--command" "/opt/ros/humble/bin/ament_lint_cmake" "--xunit-file" "/home/davide/sesasr_labs/build/examples_rclcpp_cbg_executor/test_results/examples_rclcpp_cbg_executor/lint_cmake.xunit.xml"</FullCommandLine>
			<Results>
				<NamedMeasurement type="numeric/double" name="Execution Time">
					<Value>0.121359</Value>
				</NamedMeasurement>
				<NamedMeasurement type="numeric/double" name="Processors">
					<Value>1</Value>
				</NamedMeasurement>
				<NamedMeasurement type="text/string" name="Completion Status">
					<Value>Completed</Value>
				</NamedMeasurement>
				<NamedMeasurement type="text/string" name="Command Line">
					<Value>/usr/bin/python3.10 "-u" "/opt/ros/humble/share/ament_cmake_test/cmake/run_test.py" "/home/davide/sesasr_labs/build/examples_rclcpp_cbg_executor/test_results/examples_rclcpp_cbg_executor/lint_cmake.xunit.xml" "--package-name" "examples_rclcpp_cbg_executor" "--output-file" "/home/davide/sesasr_labs/build/examples_rclcpp_cbg_executor/ament_lint_cmake/lint_cmake.txt" "--command" "/opt/ros/humble/bin/ament_lint_cmake" "--xunit-file" "/home/davide/sesasr_labs/build/examples_rclcpp_cbg_executor/test_results/examples_rclcpp_cbg_executor/lint_cmake.xunit.xml"</Value>
				</NamedMeasurement>
				<NamedMeasurement type="text/string" name="Environment">
					<Value>#CTEST_RESOURCE_GROUP_COUNT=</Value>
				</NamedMeasurement>
				<Measurement>
					<Value>-- run_test.py: invoking following command in '/home/davide/sesasr_labs/src/examples/rclcpp/executors/cbg_executor':
 - /opt/ros/humble/bin/ament_lint_cmake --xunit-file /home/davide/sesasr_labs/build/examples_rclcpp_cbg_executor/test_results/examples_rclcpp_cbg_executor/lint_cmake.xunit.xml

No problems found
-- run_test.py: return code 0
-- run_test.py: verify result file '/home/davide/sesasr_labs/build/examples_rclcpp_cbg_executor/test_results/examples_rclcpp_cbg_executor/lint_cmake.xunit.xml'
</Value>
				</Measurement>
			</Results>
			<Labels>
				<Label>lint_cmake</Label>
				<Label>linter</Label>
			</Labels>
		</Test>
		<Test Status="passed">
			<Name>uncrustify</Name>
			<Path>.</Path>
			<FullName>./uncrustify</FullName>
			<FullCommandLine>/usr/bin/python3.10 "-u" "/opt/ros/humble/share/ament_cmake_test/cmake/run_test.py" "/home/davide/sesasr_labs/build/examples_rclcpp_cbg_executor/test_results/examples_rclcpp_cbg_executor/uncrustify.xunit.xml" "--package-name" "examples_rclcpp_cbg_executor" "--output-file" "/home/davide/sesasr_labs/build/examples_rclcpp_cbg_executor/ament_uncrustify/uncrustify.txt" "--command" "/opt/ros/humble/bin/ament_uncrustify" "--xunit-file" "/home/davide/sesasr_labs/build/examples_rclcpp_cbg_executor/test_results/examples_rclcpp_cbg_executor/uncrustify.xunit.xml"</FullCommandLine>
			<Results>
				<NamedMeasurement type="numeric/double" name="Execution Time">
					<Value>0.117495</Value>
				</NamedMeasurement>
				<NamedMeasurement type="numeric/double" name="Processors">
					<Value>1</Value>
				</NamedMeasurement>
				<NamedMeasurement type="text/string" name="Completion Status">
					<Value>Completed</Value>
				</NamedMeasurement>
				<NamedMeasurement type="text/string" name="Command Line">
					<Value>/usr/bin/python3.10 "-u" "/opt/ros/humble/share/ament_cmake_test/cmake/run_test.py" "/home/davide/sesasr_labs/build/examples_rclcpp_cbg_executor/test_results/examples_rclcpp_cbg_executor/uncrustify.xunit.xml" "--package-name" "examples_rclcpp_cbg_executor" "--output-file" "/home/davide/sesasr_labs/build/examples_rclcpp_cbg_executor/ament_uncrustify/uncrustify.txt" "--command" "/opt/ros/humble/bin/ament_uncrustify" "--xunit-file" "/home/davide/sesasr_labs/build/examples_rclcpp_cbg_executor/test_results/examples_rclcpp_cbg_executor/uncrustify.xunit.xml"</Value>
				</NamedMeasurement>
				<NamedMeasurement type="text/string" name="Environment">
					<Value>#CTEST_RESOURCE_GROUP_COUNT=</Value>
				</NamedMeasurement>
				<Measurement>
					<Value>-- run_test.py: invoking following command in '/home/davide/sesasr_labs/src/examples/rclcpp/executors/cbg_executor':
 - /opt/ros/humble/bin/ament_uncrustify --xunit-file /home/davide/sesasr_labs/build/examples_rclcpp_cbg_executor/test_results/examples_rclcpp_cbg_executor/uncrustify.xunit.xml
No code style divergence in file 'include/examples_rclcpp_cbg_executor/ping_node.hpp'

No code style divergence in file 'include/examples_rclcpp_cbg_executor/pong_node.hpp'

No code style divergence in file 'src/examples_rclcpp_cbg_executor/ping_node.cpp'

No code style divergence in file 'src/examples_rclcpp_cbg_executor/pong_node.cpp'

No code style divergence in file 'src/examples_rclcpp_cbg_executor/utilities.hpp'

No code style divergence in file 'src/ping.cpp'

No code style divergence in file 'src/ping_pong.cpp'

No code style divergence in file 'src/pong.cpp'

No problems found
-- run_test.py: return code 0
-- run_test.py: verify result file '/home/davide/sesasr_labs/build/examples_rclcpp_cbg_executor/test_results/examples_rclcpp_cbg_executor/uncrustify.xunit.xml'
</Value>
				</Measurement>
			</Results>
			<Labels>
				<Label>linter</Label>
				<Label>uncrustify</Label>
			</Labels>
		</Test>
		<Test Status="passed">
			<Name>xmllint</Name>
			<Path>.</Path>
			<FullName>./xmllint</FullName>
			<FullCommandLine>/usr/bin/python3.10 "-u" "/opt/ros/humble/share/ament_cmake_test/cmake/run_test.py" "/home/davide/sesasr_labs/build/examples_rclcpp_cbg_executor/test_results/examples_rclcpp_cbg_executor/xmllint.xunit.xml" "--package-name" "examples_rclcpp_cbg_executor" "--output-file" "/home/davide/sesasr_labs/build/examples_rclcpp_cbg_executor/ament_xmllint/xmllint.txt" "--command" "/opt/ros/humble/bin/ament_xmllint" "--xunit-file" "/home/davide/sesasr_labs/build/examples_rclcpp_cbg_executor/test_results/examples_rclcpp_cbg_executor/xmllint.xunit.xml"</FullCommandLine>
			<Results>
				<NamedMeasurement type="numeric/double" name="Execution Time">
					<Value>0.720532</Value>
				</NamedMeasurement>
				<NamedMeasurement type="numeric/double" name="Processors">
					<Value>1</Value>
				</NamedMeasurement>
				<NamedMeasurement type="text/string" name="Completion Status">
					<Value>Completed</Value>
				</NamedMeasurement>
				<NamedMeasurement type="text/string" name="Command Line">
					<Value>/usr/bin/python3.10 "-u" "/opt/ros/humble/share/ament_cmake_test/cmake/run_test.py" "/home/davide/sesasr_labs/build/examples_rclcpp_cbg_executor/test_results/examples_rclcpp_cbg_executor/xmllint.xunit.xml" "--package-name" "examples_rclcpp_cbg_executor" "--output-file" "/home/davide/sesasr_labs/build/examples_rclcpp_cbg_executor/ament_xmllint/xmllint.txt" "--command" "/opt/ros/humble/bin/ament_xmllint" "--xunit-file" "/home/davide/sesasr_labs/build/examples_rclcpp_cbg_executor/test_results/examples_rclcpp_cbg_executor/xmllint.xunit.xml"</Value>
				</NamedMeasurement>
				<NamedMeasurement type="text/string" name="Environment">
					<Value>#CTEST_RESOURCE_GROUP_COUNT=</Value>
				</NamedMeasurement>
				<Measurement>
					<Value>-- run_test.py: invoking following command in '/home/davide/sesasr_labs/src/examples/rclcpp/executors/cbg_executor':
 - /opt/ros/humble/bin/ament_xmllint --xunit-file /home/davide/sesasr_labs/build/examples_rclcpp_cbg_executor/test_results/examples_rclcpp_cbg_executor/xmllint.xunit.xml
File 'package.xml' is valid

No problems found
-- run_test.py: return code 0
-- run_test.py: verify result file '/home/davide/sesasr_labs/build/examples_rclcpp_cbg_executor/test_results/examples_rclcpp_cbg_executor/xmllint.xunit.xml'
</Value>
				</Measurement>
			</Results>
			<Labels>
				<Label>linter</Label>
				<Label>xmllint</Label>
			</Labels>
		</Test>
		<EndDateTime>Dec 18 17:21 CET</EndDateTime>
		<EndTestTime>1702916490</EndTestTime>
		<ElapsedMinutes>0</ElapsedMinutes>
	</Testing>
</Site>
